[2019-10-17 23:20:13] local.ERROR: Command "migrate:server" is not defined.

Did you mean one of these?
    make:observer
    make:seeder
    migrate
    migrate:fresh
    migrate:install
    migrate:refresh
    migrate:reset
    migrate:rollback
    migrate:status {"exception":"[object] (Symfony\\Component\\Console\\Exception\\CommandNotFoundException(code: 0): Command \"migrate:server\" is not defined.

Did you mean one of these?
    make:observer
    make:seeder
    migrate
    migrate:fresh
    migrate:install
    migrate:refresh
    migrate:reset
    migrate:rollback
    migrate:status at D:\\xampp\\htdocs\\A-Event\\back-end\\event\\vendor\\symfony\\console\\Application.php:660)
[stacktrace]
#0 D:\\xampp\\htdocs\\A-Event\\back-end\\event\\vendor\\symfony\\console\\Application.php(237): Symfony\\Component\\Console\\Application->find('migrate:server')
#1 D:\\xampp\\htdocs\\A-Event\\back-end\\event\\vendor\\symfony\\console\\Application.php(149): Symfony\\Component\\Console\\Application->doRun(Object(Symfony\\Component\\Console\\Input\\ArgvInput), Object(Symfony\\Component\\Console\\Output\\ConsoleOutput))
#2 D:\\xampp\\htdocs\\A-Event\\back-end\\event\\vendor\\laravel\\framework\\src\\Illuminate\\Console\\Application.php(90): Symfony\\Component\\Console\\Application->run(Object(Symfony\\Component\\Console\\Input\\ArgvInput), Object(Symfony\\Component\\Console\\Output\\ConsoleOutput))
#3 D:\\xampp\\htdocs\\A-Event\\back-end\\event\\vendor\\laravel\\framework\\src\\Illuminate\\Foundation\\Console\\Kernel.php(131): Illuminate\\Console\\Application->run(Object(Symfony\\Component\\Console\\Input\\ArgvInput), Object(Symfony\\Component\\Console\\Output\\ConsoleOutput))
#4 D:\\xampp\\htdocs\\A-Event\\back-end\\event\\artisan(37): Illuminate\\Foundation\\Console\\Kernel->handle(Object(Symfony\\Component\\Console\\Input\\ArgvInput), Object(Symfony\\Component\\Console\\Output\\ConsoleOutput))
#5 {main}
"} 
[2019-10-17 23:20:27] local.ERROR: Command "migrate:sever" is not defined.

Did you mean one of these?
    migrate
    migrate:fresh
    migrate:install
    migrate:refresh
    migrate:reset
    migrate:rollback
    migrate:status {"exception":"[object] (Symfony\\Component\\Console\\Exception\\CommandNotFoundException(code: 0): Command \"migrate:sever\" is not defined.

Did you mean one of these?
    migrate
    migrate:fresh
    migrate:install
    migrate:refresh
    migrate:reset
    migrate:rollback
    migrate:status at D:\\xampp\\htdocs\\A-Event\\back-end\\event\\vendor\\symfony\\console\\Application.php:660)
[stacktrace]
#0 D:\\xampp\\htdocs\\A-Event\\back-end\\event\\vendor\\symfony\\console\\Application.php(237): Symfony\\Component\\Console\\Application->find('migrate:sever')
#1 D:\\xampp\\htdocs\\A-Event\\back-end\\event\\vendor\\symfony\\console\\Application.php(149): Symfony\\Component\\Console\\Application->doRun(Object(Symfony\\Component\\Console\\Input\\ArgvInput), Object(Symfony\\Component\\Console\\Output\\ConsoleOutput))
#2 D:\\xampp\\htdocs\\A-Event\\back-end\\event\\vendor\\laravel\\framework\\src\\Illuminate\\Console\\Application.php(90): Symfony\\Component\\Console\\Application->run(Object(Symfony\\Component\\Console\\Input\\ArgvInput), Object(Symfony\\Component\\Console\\Output\\ConsoleOutput))
#3 D:\\xampp\\htdocs\\A-Event\\back-end\\event\\vendor\\laravel\\framework\\src\\Illuminate\\Foundation\\Console\\Kernel.php(131): Illuminate\\Console\\Application->run(Object(Symfony\\Component\\Console\\Input\\ArgvInput), Object(Symfony\\Component\\Console\\Output\\ConsoleOutput))
#4 D:\\xampp\\htdocs\\A-Event\\back-end\\event\\artisan(37): Illuminate\\Foundation\\Console\\Kernel->handle(Object(Symfony\\Component\\Console\\Input\\ArgvInput), Object(Symfony\\Component\\Console\\Output\\ConsoleOutput))
#5 {main}
"} 
[2019-10-17 23:24:36] local.ERROR: There are no commands defined in the "migration" namespace.

Did you mean this?
    migrate {"exception":"[object] (Symfony\\Component\\Console\\Exception\\NamespaceNotFoundException(code: 0): There are no commands defined in the \"migration\" namespace.

Did you mean this?
    migrate at D:\\xampp\\htdocs\\A-Event\\back-end\\event\\vendor\\symfony\\console\\Application.php:592)
[stacktrace]
#0 D:\\xampp\\htdocs\\A-Event\\back-end\\event\\vendor\\symfony\\console\\Application.php(641): Symfony\\Component\\Console\\Application->findNamespace('migration')
#1 D:\\xampp\\htdocs\\A-Event\\back-end\\event\\vendor\\symfony\\console\\Application.php(237): Symfony\\Component\\Console\\Application->find('migration:serve')
#2 D:\\xampp\\htdocs\\A-Event\\back-end\\event\\vendor\\symfony\\console\\Application.php(149): Symfony\\Component\\Console\\Application->doRun(Object(Symfony\\Component\\Console\\Input\\ArgvInput), Object(Symfony\\Component\\Console\\Output\\ConsoleOutput))
#3 D:\\xampp\\htdocs\\A-Event\\back-end\\event\\vendor\\laravel\\framework\\src\\Illuminate\\Console\\Application.php(90): Symfony\\Component\\Console\\Application->run(Object(Symfony\\Component\\Console\\Input\\ArgvInput), Object(Symfony\\Component\\Console\\Output\\ConsoleOutput))
#4 D:\\xampp\\htdocs\\A-Event\\back-end\\event\\vendor\\laravel\\framework\\src\\Illuminate\\Foundation\\Console\\Kernel.php(131): Illuminate\\Console\\Application->run(Object(Symfony\\Component\\Console\\Input\\ArgvInput), Object(Symfony\\Component\\Console\\Output\\ConsoleOutput))
#5 D:\\xampp\\htdocs\\A-Event\\back-end\\event\\artisan(37): Illuminate\\Foundation\\Console\\Kernel->handle(Object(Symfony\\Component\\Console\\Input\\ArgvInput), Object(Symfony\\Component\\Console\\Output\\ConsoleOutput))
#6 {main}
"} 
[2019-10-17 23:24:46] local.ERROR: Command "migrate:serve" is not defined.

Did you mean one of these?
    make:observer
    migrate
    migrate:fresh
    migrate:install
    migrate:refresh
    migrate:reset
    migrate:rollback
    migrate:status {"exception":"[object] (Symfony\\Component\\Console\\Exception\\CommandNotFoundException(code: 0): Command \"migrate:serve\" is not defined.

Did you mean one of these?
    make:observer
    migrate
    migrate:fresh
    migrate:install
    migrate:refresh
    migrate:reset
    migrate:rollback
    migrate:status at D:\\xampp\\htdocs\\A-Event\\back-end\\event\\vendor\\symfony\\console\\Application.php:660)
[stacktrace]
#0 D:\\xampp\\htdocs\\A-Event\\back-end\\event\\vendor\\symfony\\console\\Application.php(237): Symfony\\Component\\Console\\Application->find('migrate:serve')
#1 D:\\xampp\\htdocs\\A-Event\\back-end\\event\\vendor\\symfony\\console\\Application.php(149): Symfony\\Component\\Console\\Application->doRun(Object(Symfony\\Component\\Console\\Input\\ArgvInput), Object(Symfony\\Component\\Console\\Output\\ConsoleOutput))
#2 D:\\xampp\\htdocs\\A-Event\\back-end\\event\\vendor\\laravel\\framework\\src\\Illuminate\\Console\\Application.php(90): Symfony\\Component\\Console\\Application->run(Object(Symfony\\Component\\Console\\Input\\ArgvInput), Object(Symfony\\Component\\Console\\Output\\ConsoleOutput))
#3 D:\\xampp\\htdocs\\A-Event\\back-end\\event\\vendor\\laravel\\framework\\src\\Illuminate\\Foundation\\Console\\Kernel.php(131): Illuminate\\Console\\Application->run(Object(Symfony\\Component\\Console\\Input\\ArgvInput), Object(Symfony\\Component\\Console\\Output\\ConsoleOutput))
#4 D:\\xampp\\htdocs\\A-Event\\back-end\\event\\artisan(37): Illuminate\\Foundation\\Console\\Kernel->handle(Object(Symfony\\Component\\Console\\Input\\ArgvInput), Object(Symfony\\Component\\Console\\Output\\ConsoleOutput))
#5 {main}
"} 
